# JRE version: OpenJDK Runtime Environment (23.0.1+11) (build 23.0.1+11-39)
# Java VM: OpenJDK 64-Bit Server VM (23.0.1+11-39, mixed mode, sharing, tiered, compressed oops, compressed class ptrs, g1 gc, windows-amd64)
GC Precious Log:
 CardTable entry size: 512
 Card Set container configuration: InlinePtr #cards 4 size 8 Array Of Cards #cards 16 size 48 Howl #buckets 8 coarsen threshold 3686 Howl Bitmap #cards 512 size 80 coarsen threshold 460 Card regions per heap region 1 cards per card region 4096
 CPUs: 12 total, 12 available
 Memory: 16313M
 Large Page Support: Disabled
 NUMA Support: Disabled
 Compressed Oops: Enabled (Zero based)
 Heap Region Size: 2M
 Heap Min Capacity: 8M
 Heap Initial Capacity: 256M
 Heap Max Capacity: 4080M
 Pre-touch: Disabled
 Parallel Workers: 10
 Concurrent Workers: 3
 Concurrent Refinement Workers: 10
 Periodic GC: Disabled
Heap:
 garbage-first heap   total reserved 4177920K, committed 67584K, used 41003K [0x00000004d6000000, 0x00000005d5000000)
  region size 2048K, 13 young (26624K), 6 survivors (12288K)
 Metaspace       used 23581K, committed 23936K, reserved 1114112K
  class space    used 3216K, committed 3392K, reserved 1048576K
GC Heap History (10 events):
Event: 0.484 GC heap before
{Heap before GC invocations=0 (full 0):
 garbage-first heap   total reserved 4177920K, committed 262144K, used 22528K [0x00000004d6000000, 0x00000005d5000000)
  region size 2048K, 12 young (24576K), 0 survivors (0K)
 Metaspace       used 4666K, committed 4864K, reserved 1114112K
  class space    used 544K, committed 640K, reserved 1048576K
}
Event: 0.487 GC heap after
{Heap after GC invocations=1 (full 0):
 garbage-first heap   total reserved 4177920K, committed 262144K, used 4034K [0x00000004d6000000, 0x00000005d5000000)
  region size 2048K, 2 young (4096K), 2 survivors (4096K)
 Metaspace       used 4666K, committed 4864K, reserved 1114112K
  class space    used 544K, committed 640K, reserved 1048576K
}
Event: 0.757 GC heap before
{Heap before GC invocations=1 (full 0):
 garbage-first heap   total reserved 4177920K, committed 262144K, used 24514K [0x00000004d6000000, 0x00000005d5000000)
  region size 2048K, 13 young (26624K), 2 survivors (4096K)
 Metaspace       used 8692K, committed 8896K, reserved 1114112K
  class space    used 1121K, committed 1216K, reserved 1048576K
}
Event: 0.761 GC heap after
{Heap after GC invocations=2 (full 0):
 garbage-first heap   total reserved 4177920K, committed 262144K, used 7239K [0x00000004d6000000, 0x00000005d5000000)
  region size 2048K, 2 young (4096K), 2 survivors (4096K)
 Metaspace       used 8692K, committed 8896K, reserved 1114112K
  class space    used 1121K, committed 1216K, reserved 1048576K
}
Event: 4.721 GC heap before
{Heap before GC invocations=2 (full 0):
 garbage-first heap   total reserved 4177920K, committed 262144K, used 70727K [0x00000004d6000000, 0x00000005d5000000)
  region size 2048K, 31 young (63488K), 2 survivors (4096K)
 Metaspace       used 19529K, committed 19904K, reserved 1114112K
  class space    used 2585K, committed 2752K, reserved 1048576K
}
Event: 4.725 GC heap after
{Heap after GC invocations=3 (full 0):
 garbage-first heap   total reserved 4177920K, committed 262144K, used 13664K [0x00000004d6000000, 0x00000005d5000000)
  region size 2048K, 4 young (8192K), 4 survivors (8192K)
 Metaspace       used 19529K, committed 19904K, reserved 1114112K
  class space    used 2585K, committed 2752K, reserved 1048576K
}
Event: 7.566 GC heap before
{Heap before GC invocations=3 (full 0):
 garbage-first heap   total reserved 4177920K, committed 262144K, used 40288K [0x00000004d6000000, 0x00000005d5000000)
  region size 2048K, 18 young (36864K), 4 survivors (8192K)
 Metaspace       used 21133K, committed 21504K, reserved 1114112K
  class space    used 2852K, committed 3008K, reserved 1048576K
}
Event: 7.569 GC heap after
{Heap after GC invocations=4 (full 0):
 garbage-first heap   total reserved 4177920K, committed 262144K, used 14628K [0x00000004d6000000, 0x00000005d5000000)
  region size 2048K, 1 young (2048K), 1 survivors (2048K)
 Metaspace       used 21133K, committed 21504K, reserved 1114112K
  class space    used 2852K, committed 3008K, reserved 1048576K
}
Event: 15.178 GC heap before
{Heap before GC invocations=5 (full 0):
 garbage-first heap   total reserved 4177920K, committed 55296K, used 53540K [0x00000004d6000000, 0x00000005d5000000)
  region size 2048K, 20 young (40960K), 1 survivors (2048K)
 Metaspace       used 23136K, committed 23552K, reserved 1114112K
  class space    used 3206K, committed 3392K, reserved 1048576K
}
Event: 15.184 GC heap after
{Heap after GC invocations=6 (full 0):
 garbage-first heap   total reserved 4177920K, committed 67584K, used 24619K [0x00000004d6000000, 0x00000005d5000000)
  region size 2048K, 6 young (12288K), 6 survivors (12288K)
 Metaspace       used 23136K, committed 23552K, reserved 1114112K
  class space    used 3206K, committed 3392K, reserved 1048576K
}

