# JRE version: OpenJDK Runtime Environment (23.0.1+11) (build 23.0.1+11-39)
# Java VM: OpenJDK 64-Bit Server VM (23.0.1+11-39, mixed mode, sharing, tiered, compressed oops, compressed class ptrs, g1 gc, windows-amd64)
GC Precious Log:
 CardTable entry size: 512
 Card Set container configuration: InlinePtr #cards 4 size 8 Array Of Cards #cards 16 size 48 Howl #buckets 8 coarsen threshold 3686 Howl Bitmap #cards 512 size 80 coarsen threshold 460 Card regions per heap region 1 cards per card region 4096
 CPUs: 12 total, 12 available
 Memory: 16313M
 Large Page Support: Disabled
 NUMA Support: Disabled
 Compressed Oops: Enabled (Zero based)
 Heap Region Size: 2M
 Heap Min Capacity: 8M
 Heap Initial Capacity: 256M
 Heap Max Capacity: 4080M
 Pre-touch: Disabled
 Parallel Workers: 10
 Concurrent Workers: 3
 Concurrent Refinement Workers: 10
 Periodic GC: Disabled
Heap:
 garbage-first heap   total reserved 4177920K, committed 61440K, used 37878K [0x0000000701000000, 0x0000000800000000)
  region size 2048K, 8 young (16384K), 2 survivors (4096K)
 Metaspace       used 28372K, committed 28800K, reserved 1114112K
  class space    used 3463K, committed 3648K, reserved 1048576K
GC Heap History (20 events):
Event: 148.569 GC heap before
{Heap before GC invocations=17 (full 0):
 garbage-first heap   total reserved 4177920K, committed 61440K, used 51202K [0x0000000701000000, 0x0000000800000000)
  region size 2048K, 14 young (28672K), 2 survivors (4096K)
 Metaspace       used 27526K, committed 27968K, reserved 1114112K
  class space    used 3456K, committed 3648K, reserved 1048576K
}
Event: 148.570 GC heap after
{Heap after GC invocations=18 (full 0):
 garbage-first heap   total reserved 4177920K, committed 61440K, used 25488K [0x0000000701000000, 0x0000000800000000)
  region size 2048K, 1 young (2048K), 1 survivors (2048K)
 Metaspace       used 27526K, committed 27968K, reserved 1114112K
  class space    used 3456K, committed 3648K, reserved 1048576K
}
Event: 159.714 GC heap before
{Heap before GC invocations=18 (full 0):
 garbage-first heap   total reserved 4177920K, committed 61440K, used 50064K [0x0000000701000000, 0x0000000800000000)
  region size 2048K, 14 young (28672K), 1 survivors (2048K)
 Metaspace       used 27665K, committed 28160K, reserved 1114112K
  class space    used 3457K, committed 3648K, reserved 1048576K
}
Event: 159.715 GC heap after
{Heap after GC invocations=19 (full 0):
 garbage-first heap   total reserved 4177920K, committed 61440K, used 26030K [0x0000000701000000, 0x0000000800000000)
  region size 2048K, 1 young (2048K), 1 survivors (2048K)
 Metaspace       used 27665K, committed 28160K, reserved 1114112K
  class space    used 3457K, committed 3648K, reserved 1048576K
}
Event: 189.658 GC heap before
{Heap before GC invocations=19 (full 0):
 garbage-first heap   total reserved 4177920K, committed 61440K, used 52654K [0x0000000701000000, 0x0000000800000000)
  region size 2048K, 14 young (28672K), 1 survivors (2048K)
 Metaspace       used 27757K, committed 28224K, reserved 1114112K
  class space    used 3458K, committed 3648K, reserved 1048576K
}
Event: 189.659 GC heap after
{Heap after GC invocations=20 (full 0):
 garbage-first heap   total reserved 4177920K, committed 61440K, used 26023K [0x0000000701000000, 0x0000000800000000)
  region size 2048K, 1 young (2048K), 1 survivors (2048K)
 Metaspace       used 27757K, committed 28224K, reserved 1114112K
  class space    used 3458K, committed 3648K, reserved 1048576K
}
Event: 202.339 GC heap before
{Heap before GC invocations=20 (full 0):
 garbage-first heap   total reserved 4177920K, committed 61440K, used 52647K [0x0000000701000000, 0x0000000800000000)
  region size 2048K, 14 young (28672K), 1 survivors (2048K)
 Metaspace       used 27787K, committed 28224K, reserved 1114112K
  class space    used 3459K, committed 3648K, reserved 1048576K
}
Event: 202.340 GC heap after
{Heap after GC invocations=21 (full 0):
 garbage-first heap   total reserved 4177920K, committed 61440K, used 24910K [0x0000000701000000, 0x0000000800000000)
  region size 2048K, 1 young (2048K), 1 survivors (2048K)
 Metaspace       used 27787K, committed 28224K, reserved 1114112K
  class space    used 3459K, committed 3648K, reserved 1048576K
}
Event: 213.015 GC heap before
{Heap before GC invocations=21 (full 0):
 garbage-first heap   total reserved 4177920K, committed 61440K, used 53582K [0x0000000701000000, 0x0000000800000000)
  region size 2048K, 15 young (30720K), 1 survivors (2048K)
 Metaspace       used 28052K, committed 28544K, reserved 1114112K
  class space    used 3459K, committed 3648K, reserved 1048576K
}
Event: 213.016 GC heap after
{Heap after GC invocations=22 (full 0):
 garbage-first heap   total reserved 4177920K, committed 61440K, used 26049K [0x0000000701000000, 0x0000000800000000)
  region size 2048K, 1 young (2048K), 1 survivors (2048K)
 Metaspace       used 28052K, committed 28544K, reserved 1114112K
  class space    used 3459K, committed 3648K, reserved 1048576K
}
Event: 215.864 GC heap before
{Heap before GC invocations=22 (full 0):
 garbage-first heap   total reserved 4177920K, committed 61440K, used 52673K [0x0000000701000000, 0x0000000800000000)
  region size 2048K, 15 young (30720K), 1 survivors (2048K)
 Metaspace       used 28160K, committed 28608K, reserved 1114112K
  class space    used 3460K, committed 3648K, reserved 1048576K
}
Event: 215.865 GC heap after
{Heap after GC invocations=23 (full 0):
 garbage-first heap   total reserved 4177920K, committed 61440K, used 25487K [0x0000000701000000, 0x0000000800000000)
  region size 2048K, 1 young (2048K), 1 survivors (2048K)
 Metaspace       used 28160K, committed 28608K, reserved 1114112K
  class space    used 3460K, committed 3648K, reserved 1048576K
}
Event: 223.069 GC heap before
{Heap before GC invocations=23 (full 0):
 garbage-first heap   total reserved 4177920K, committed 61440K, used 52111K [0x0000000701000000, 0x0000000800000000)
  region size 2048K, 15 young (30720K), 1 survivors (2048K)
 Metaspace       used 28200K, committed 28672K, reserved 1114112K
  class space    used 3460K, committed 3648K, reserved 1048576K
}
Event: 223.070 GC heap after
{Heap after GC invocations=24 (full 0):
 garbage-first heap   total reserved 4177920K, committed 61440K, used 26127K [0x0000000701000000, 0x0000000800000000)
  region size 2048K, 1 young (2048K), 1 survivors (2048K)
 Metaspace       used 28200K, committed 28672K, reserved 1114112K
  class space    used 3460K, committed 3648K, reserved 1048576K
}
Event: 237.685 GC heap before
{Heap before GC invocations=24 (full 0):
 garbage-first heap   total reserved 4177920K, committed 61440K, used 54799K [0x0000000701000000, 0x0000000800000000)
  region size 2048K, 15 young (30720K), 1 survivors (2048K)
 Metaspace       used 28247K, committed 28672K, reserved 1114112K
  class space    used 3460K, committed 3648K, reserved 1048576K
}
Event: 237.686 GC heap after
{Heap after GC invocations=25 (full 0):
 garbage-first heap   total reserved 4177920K, committed 61440K, used 26077K [0x0000000701000000, 0x0000000800000000)
  region size 2048K, 1 young (2048K), 1 survivors (2048K)
 Metaspace       used 28247K, committed 28672K, reserved 1114112K
  class space    used 3460K, committed 3648K, reserved 1048576K
}
Event: 241.321 GC heap before
{Heap before GC invocations=25 (full 0):
 garbage-first heap   total reserved 4177920K, committed 61440K, used 52701K [0x0000000701000000, 0x0000000800000000)
  region size 2048K, 15 young (30720K), 1 survivors (2048K)
 Metaspace       used 28287K, committed 28800K, reserved 1114112K
  class space    used 3460K, committed 3648K, reserved 1048576K
}
Event: 241.322 GC heap after
{Heap after GC invocations=26 (full 0):
 garbage-first heap   total reserved 4177920K, committed 61440K, used 25346K [0x0000000701000000, 0x0000000800000000)
  region size 2048K, 1 young (2048K), 1 survivors (2048K)
 Metaspace       used 28287K, committed 28800K, reserved 1114112K
  class space    used 3460K, committed 3648K, reserved 1048576K
}
Event: 250.534 GC heap before
{Heap before GC invocations=26 (full 0):
 garbage-first heap   total reserved 4177920K, committed 61440K, used 51970K [0x0000000701000000, 0x0000000800000000)
  region size 2048K, 15 young (30720K), 1 survivors (2048K)
 Metaspace       used 28348K, committed 28800K, reserved 1114112K
  class space    used 3461K, committed 3648K, reserved 1048576K
}
Event: 250.535 GC heap after
{Heap after GC invocations=27 (full 0):
 garbage-first heap   total reserved 4177920K, committed 61440K, used 27638K [0x0000000701000000, 0x0000000800000000)
  region size 2048K, 2 young (4096K), 2 survivors (4096K)
 Metaspace       used 28348K, committed 28800K, reserved 1114112K
  class space    used 3461K, committed 3648K, reserved 1048576K
}

