# JRE version: OpenJDK Runtime Environment (23.0.1+11) (build 23.0.1+11-39)
# Java VM: OpenJDK 64-Bit Server VM (23.0.1+11-39, mixed mode, sharing, tiered, compressed oops, compressed class ptrs, g1 gc, windows-amd64)
GC Precious Log:
 CardTable entry size: 512
 Card Set container configuration: InlinePtr #cards 4 size 8 Array Of Cards #cards 16 size 48 Howl #buckets 8 coarsen threshold 3686 Howl Bitmap #cards 512 size 80 coarsen threshold 460 Card regions per heap region 1 cards per card region 4096
 CPUs: 12 total, 12 available
 Memory: 16313M
 Large Page Support: Disabled
 NUMA Support: Disabled
 Compressed Oops: Enabled (Zero based)
 Heap Region Size: 2M
 Heap Min Capacity: 8M
 Heap Initial Capacity: 256M
 Heap Max Capacity: 4080M
 Pre-touch: Disabled
 Parallel Workers: 10
 Concurrent Workers: 3
 Concurrent Refinement Workers: 10
 Periodic GC: Disabled
Heap:
 garbage-first heap   total reserved 4177920K, committed 63488K, used 33474K [0x0000000701000000, 0x0000000800000000)
  region size 2048K, 6 young (12288K), 1 survivors (2048K)
 Metaspace       used 32534K, committed 33088K, reserved 1114112K
  class space    used 4136K, committed 4416K, reserved 1048576K
GC Heap History (20 events):
Event: 1893.911 GC heap before
{Heap before GC invocations=9 (full 0):
 garbage-first heap   total reserved 4177920K, committed 63488K, used 50674K [0x0000000701000000, 0x0000000800000000)
  region size 2048K, 14 young (28672K), 1 survivors (2048K)
 Metaspace       used 30348K, committed 30848K, reserved 1114112K
  class space    used 4056K, committed 4288K, reserved 1048576K
}
Event: 1893.912 GC heap after
{Heap after GC invocations=10 (full 0):
 garbage-first heap   total reserved 4177920K, committed 63488K, used 23969K [0x0000000701000000, 0x0000000800000000)
  region size 2048K, 1 young (2048K), 1 survivors (2048K)
 Metaspace       used 30348K, committed 30848K, reserved 1114112K
  class space    used 4056K, committed 4288K, reserved 1048576K
}
Event: 4477.586 GC heap before
{Heap before GC invocations=10 (full 0):
 garbage-first heap   total reserved 4177920K, committed 63488K, used 52641K [0x0000000701000000, 0x0000000800000000)
  region size 2048K, 15 young (30720K), 1 survivors (2048K)
 Metaspace       used 30624K, committed 31104K, reserved 1114112K
  class space    used 4061K, committed 4288K, reserved 1048576K
}
Event: 4477.588 GC heap after
{Heap after GC invocations=11 (full 0):
 garbage-first heap   total reserved 4177920K, committed 63488K, used 25384K [0x0000000701000000, 0x0000000800000000)
  region size 2048K, 2 young (4096K), 2 survivors (4096K)
 Metaspace       used 30624K, committed 31104K, reserved 1114112K
  class space    used 4061K, committed 4288K, reserved 1048576K
}
Event: 4485.774 GC heap before
{Heap before GC invocations=11 (full 0):
 garbage-first heap   total reserved 4177920K, committed 63488K, used 49960K [0x0000000701000000, 0x0000000800000000)
  region size 2048K, 14 young (28672K), 2 survivors (4096K)
 Metaspace       used 30792K, committed 31296K, reserved 1114112K
  class space    used 4067K, committed 4288K, reserved 1048576K
}
Event: 4485.775 GC heap after
{Heap after GC invocations=12 (full 0):
 garbage-first heap   total reserved 4177920K, committed 63488K, used 24912K [0x0000000701000000, 0x0000000800000000)
  region size 2048K, 1 young (2048K), 1 survivors (2048K)
 Metaspace       used 30792K, committed 31296K, reserved 1114112K
  class space    used 4067K, committed 4288K, reserved 1048576K
}
Event: 4530.619 GC heap before
{Heap before GC invocations=12 (full 0):
 garbage-first heap   total reserved 4177920K, committed 63488K, used 53584K [0x0000000701000000, 0x0000000800000000)
  region size 2048K, 15 young (30720K), 1 survivors (2048K)
 Metaspace       used 31147K, committed 31744K, reserved 1114112K
  class space    used 4081K, committed 4352K, reserved 1048576K
}
Event: 4530.620 GC heap after
{Heap after GC invocations=13 (full 0):
 garbage-first heap   total reserved 4177920K, committed 63488K, used 26444K [0x0000000701000000, 0x0000000800000000)
  region size 2048K, 2 young (4096K), 2 survivors (4096K)
 Metaspace       used 31147K, committed 31744K, reserved 1114112K
  class space    used 4081K, committed 4352K, reserved 1048576K
}
Event: 4541.343 GC heap before
{Heap before GC invocations=13 (full 0):
 garbage-first heap   total reserved 4177920K, committed 63488K, used 48972K [0x0000000701000000, 0x0000000800000000)
  region size 2048K, 14 young (28672K), 2 survivors (4096K)
 Metaspace       used 31843K, committed 32384K, reserved 1114112K
  class space    used 4130K, committed 4352K, reserved 1048576K
}
Event: 4541.345 GC heap after
{Heap after GC invocations=14 (full 0):
 garbage-first heap   total reserved 4177920K, committed 63488K, used 25165K [0x0000000701000000, 0x0000000800000000)
  region size 2048K, 1 young (2048K), 1 survivors (2048K)
 Metaspace       used 31843K, committed 32384K, reserved 1114112K
  class space    used 4130K, committed 4352K, reserved 1048576K
}
Event: 4601.061 GC heap before
{Heap before GC invocations=14 (full 0):
 garbage-first heap   total reserved 4177920K, committed 63488K, used 51789K [0x0000000701000000, 0x0000000800000000)
  region size 2048K, 14 young (28672K), 1 survivors (2048K)
 Metaspace       used 31989K, committed 32512K, reserved 1114112K
  class space    used 4131K, committed 4352K, reserved 1048576K
}
Event: 4601.062 GC heap after
{Heap after GC invocations=15 (full 0):
 garbage-first heap   total reserved 4177920K, committed 63488K, used 26445K [0x0000000701000000, 0x0000000800000000)
  region size 2048K, 1 young (2048K), 1 survivors (2048K)
 Metaspace       used 31989K, committed 32512K, reserved 1114112K
  class space    used 4131K, committed 4352K, reserved 1048576K
}
Event: 4635.633 GC heap before
{Heap before GC invocations=15 (full 0):
 garbage-first heap   total reserved 4177920K, committed 63488K, used 51021K [0x0000000701000000, 0x0000000800000000)
  region size 2048K, 14 young (28672K), 1 survivors (2048K)
 Metaspace       used 32217K, committed 32768K, reserved 1114112K
  class space    used 4132K, committed 4352K, reserved 1048576K
}
Event: 4635.634 GC heap after
{Heap after GC invocations=16 (full 0):
 garbage-first heap   total reserved 4177920K, committed 63488K, used 25398K [0x0000000701000000, 0x0000000800000000)
  region size 2048K, 1 young (2048K), 1 survivors (2048K)
 Metaspace       used 32217K, committed 32768K, reserved 1114112K
  class space    used 4132K, committed 4352K, reserved 1048576K
}
Event: 4692.698 GC heap before
{Heap before GC invocations=16 (full 0):
 garbage-first heap   total reserved 4177920K, committed 63488K, used 52022K [0x0000000701000000, 0x0000000800000000)
  region size 2048K, 14 young (28672K), 1 survivors (2048K)
 Metaspace       used 32303K, committed 32832K, reserved 1114112K
  class space    used 4132K, committed 4352K, reserved 1048576K
}
Event: 4692.704 GC heap after
{Heap after GC invocations=17 (full 0):
 garbage-first heap   total reserved 4177920K, committed 63488K, used 25459K [0x0000000701000000, 0x0000000800000000)
  region size 2048K, 1 young (2048K), 1 survivors (2048K)
 Metaspace       used 32303K, committed 32832K, reserved 1114112K
  class space    used 4132K, committed 4352K, reserved 1048576K
}
Event: 4812.215 GC heap before
{Heap before GC invocations=17 (full 0):
 garbage-first heap   total reserved 4177920K, committed 63488K, used 52083K [0x0000000701000000, 0x0000000800000000)
  region size 2048K, 14 young (28672K), 1 survivors (2048K)
 Metaspace       used 32379K, committed 32960K, reserved 1114112K
  class space    used 4133K, committed 4416K, reserved 1048576K
}
Event: 4812.216 GC heap after
{Heap after GC invocations=18 (full 0):
 garbage-first heap   total reserved 4177920K, committed 63488K, used 25573K [0x0000000701000000, 0x0000000800000000)
  region size 2048K, 1 young (2048K), 1 survivors (2048K)
 Metaspace       used 32379K, committed 32960K, reserved 1114112K
  class space    used 4133K, committed 4416K, reserved 1048576K
}
Event: 4845.806 GC heap before
{Heap before GC invocations=18 (full 0):
 garbage-first heap   total reserved 4177920K, committed 63488K, used 52197K [0x0000000701000000, 0x0000000800000000)
  region size 2048K, 14 young (28672K), 1 survivors (2048K)
 Metaspace       used 32504K, committed 33088K, reserved 1114112K
  class space    used 4134K, committed 4416K, reserved 1048576K
}
Event: 4845.807 GC heap after
{Heap after GC invocations=19 (full 0):
 garbage-first heap   total reserved 4177920K, committed 63488K, used 25282K [0x0000000701000000, 0x0000000800000000)
  region size 2048K, 1 young (2048K), 1 survivors (2048K)
 Metaspace       used 32504K, committed 33088K, reserved 1114112K
  class space    used 4134K, committed 4416K, reserved 1048576K
}

